c:\programming language\coding\did_wallet\did_wallet\x64\debug\vc143.pdb
c:\programming language\coding\did_wallet\did_wallet\x64\debug\vc143.idb
c:\programming language\coding\did_wallet\did_wallet\x64\debug\testdid.obj
c:\programming language\coding\did_wallet\did_wallet\x64\debug\main.obj
c:\programming language\coding\did_wallet\did_wallet\x64\debug\filesystemstore.obj
c:\programming language\coding\did_wallet\did_wallet\x64\debug\didwallet.obj
c:\programming language\coding\did_wallet\did_wallet\x64\debug\key.obj
c:\programming language\coding\did_wallet\did_wallet\x64\debug\inmemorystore.obj
c:\programming language\coding\did_wallet\did_wallet\x64\debug\identity.obj
c:\programming language\coding\did_wallet\did_wallet\x64\debug\filename.obj
c:\programming language\coding\did_wallet\did_wallet\x64\debug\did_wallet.ilk
c:\programming language\coding\did_wallet\x64\debug\did_wallet.exe
c:\programming language\coding\did_wallet\x64\debug\did_wallet.pdb
c:\programming language\coding\did_wallet\did_wallet\x64\debug\did_wallet.tlog\cl.command.1.tlog
c:\programming language\coding\did_wallet\did_wallet\x64\debug\did_wallet.tlog\cl.items.tlog
c:\programming language\coding\did_wallet\did_wallet\x64\debug\did_wallet.tlog\cl.read.1.tlog
c:\programming language\coding\did_wallet\did_wallet\x64\debug\did_wallet.tlog\cl.write.1.tlog
c:\programming language\coding\did_wallet\did_wallet\x64\debug\did_wallet.tlog\link-cvtres.read.1.tlog
c:\programming language\coding\did_wallet\did_wallet\x64\debug\did_wallet.tlog\link-cvtres.write.1.tlog
c:\programming language\coding\did_wallet\did_wallet\x64\debug\did_wallet.tlog\link-rc.read.1.tlog
c:\programming language\coding\did_wallet\did_wallet\x64\debug\did_wallet.tlog\link-rc.write.1.tlog
c:\programming language\coding\did_wallet\did_wallet\x64\debug\did_wallet.tlog\link.15328-cvtres.read.1.tlog
c:\programming language\coding\did_wallet\did_wallet\x64\debug\did_wallet.tlog\link.15328-cvtres.write.1.tlog
c:\programming language\coding\did_wallet\did_wallet\x64\debug\did_wallet.tlog\link.15328-rc.read.1.tlog
c:\programming language\coding\did_wallet\did_wallet\x64\debug\did_wallet.tlog\link.15328-rc.write.1.tlog
c:\programming language\coding\did_wallet\did_wallet\x64\debug\did_wallet.tlog\link.15328.read.1.tlog
c:\programming language\coding\did_wallet\did_wallet\x64\debug\did_wallet.tlog\link.15328.read.2.tlog
c:\programming language\coding\did_wallet\did_wallet\x64\debug\did_wallet.tlog\link.15328.write.1.tlog
c:\programming language\coding\did_wallet\did_wallet\x64\debug\did_wallet.tlog\link.command.1.tlog
c:\programming language\coding\did_wallet\did_wallet\x64\debug\did_wallet.tlog\link.read.1.tlog
c:\programming language\coding\did_wallet\did_wallet\x64\debug\did_wallet.tlog\link.read.2.tlog
c:\programming language\coding\did_wallet\did_wallet\x64\debug\did_wallet.tlog\link.write.1.tlog
